pg_dump : pg_dump: executing SELECT pg_catalog.set_config('search_path', 
'', false);
At line:1 char:242
+ ... mp at $ts"; pg_dump --verbose $conn -Fc -f 
".\backups\finbers-backup- ...
+                 ~~~~~~~~~~~~~~~~~~~~~~~~~~~~~~~~~~~~~~~~~~~~~~~~~~~~~~~~~
    + CategoryInfo          : NotSpecified: (pg_dump: execut...h', '', fal 
   se);:String) [], RemoteException
    + FullyQualifiedErrorId : NativeCommandError
 
pg_dump: last built-in OID is 16383
pg_dump: reading extensions
pg_dump: identifying extension members
pg_dump: reading schemas
pg_dump: reading user-defined tables
pg_dump: reading user-defined functions
pg_dump: reading user-defined types
pg_dump: reading procedural languages
pg_dump: reading user-defined aggregate functions
pg_dump: reading user-defined operators
pg_dump: reading user-defined access methods
pg_dump: reading user-defined operator classes
pg_dump: reading user-defined operator families
pg_dump: reading user-defined text search parsers
pg_dump: reading user-defined text search templates
pg_dump: reading user-defined text search dictionaries
pg_dump: reading user-defined text search configurations
pg_dump: reading user-defined foreign-data wrappers
pg_dump: reading user-defined foreign servers
pg_dump: reading default privileges
pg_dump: reading user-defined collations
pg_dump: reading user-defined conversions
pg_dump: reading type casts
pg_dump: reading transforms
pg_dump: reading table inheritance information
pg_dump: reading event triggers
pg_dump: finding extension tables
pg_dump: finding inheritance relationships
pg_dump: reading column info for interesting tables
pg_dump: finding table default expressions
pg_dump: flagging inherited columns in subtables
pg_dump: reading partitioning data
pg_dump: reading indexes
pg_dump: flagging indexes in partitioned tables
pg_dump: reading extended statistics
pg_dump: reading constraints
pg_dump: reading triggers
pg_dump: reading rewrite rules
pg_dump: reading policies
pg_dump: reading row-level security policies
pg_dump: reading publications
pg_dump: reading publication membership of tables
pg_dump: reading publication membership of schemas
pg_dump: reading subscriptions
pg_dump: reading subscription membership of tables
pg_dump: reading large objects
pg_dump: reading dependency data
pg_dump: saving encoding = UTF8
pg_dump: saving "standard_conforming_strings = on"
pg_dump: saving "search_path = "
pg_dump: saving database definition
pg_dump: dumping contents of table "public.ChatMembership"
pg_dump: dumping contents of table "public.ChatMessage"
pg_dump: dumping contents of table "public.ChatNotification"
pg_dump: dumping contents of table "public.ChatReadReceipt"
pg_dump: dumping contents of table "public.ChatSpace"
pg_dump: dumping contents of table "public.ChatThread"
pg_dump: dumping contents of table "public.Company"
pg_dump: dumping contents of table "public.Course"
pg_dump: dumping contents of table "public.CourseAssignment"
pg_dump: dumping contents of table "public.CourseCertificate"
pg_dump: dumping contents of table "public.DashboardInsight"
pg_dump: dumping contents of table "public.Enrollment"
pg_dump: dumping contents of table "public.Exam"
pg_dump: dumping contents of table "public.ForumPost"
pg_dump: dumping contents of table "public.ForumPostEdit"
pg_dump: dumping contents of table "public.ForumPostReaction"
pg_dump: dumping contents of table "public.ForumThread"
pg_dump: dumping contents of table "public.ForumThreadSubscription"
pg_dump: dumping contents of table "public.InterviewQuestion"
pg_dump: dumping contents of table "public.InterviewResponse"
pg_dump: dumping contents of table "public.InterviewSession"
pg_dump: dumping contents of table "public.JobAlert"
pg_dump: dumping contents of table "public.JobApplication"
pg_dump: dumping contents of table "public.JobOpportunity"
pg_dump: dumping contents of table "public.JobSave"
pg_dump: dumping contents of table "public.Lesson"
pg_dump: dumping contents of table "public.LessonProgress"
pg_dump: dumping contents of table "public.LessonResource"
pg_dump: dumping contents of table "public.News"
pg_dump: dumping contents of table "public.Notification"
pg_dump: dumping contents of table "public.PasswordResetToken"
pg_dump: dumping contents of table "public.Profile"
pg_dump: dumping contents of table "public.Resume"
pg_dump: dumping contents of table "public.ResumeExperience"
pg_dump: dumping contents of table "public.ResumeProject"
pg_dump: dumping contents of table "public.Tenant"
pg_dump: dumping contents of table "public.TenantInvite"
pg_dump: dumping contents of table "public.TenantSettings"
pg_dump: dumping contents of table "public.TenantUsage"
pg_dump: dumping contents of table "public.ThreadMention"
pg_dump: dumping contents of table "public.ThreadRead"
pg_dump: dumping contents of table "public.TutorApproval"
pg_dump: dumping contents of table "public.User"
pg_dump: dumping contents of table "public.VolunteerApplication"
pg_dump: dumping contents of table "public.VolunteerOpportunity"
pg_dump: dumping contents of table "public._prisma_migrations"
