[debug] [2026-02-27T19:58:26.084Z] ----------------------------------------------------------------------
[debug] [2026-02-27T19:58:26.096Z] Command:       D:\Program Files\nodejs\node.exe C:\Users\opdli\AppData\Roaming\npm\node_modules\firebase-tools\lib\bin\firebase.js deploy --only hosting
[debug] [2026-02-27T19:58:26.097Z] CLI Version:   15.6.0
[debug] [2026-02-27T19:58:26.113Z] Platform:      win32
[debug] [2026-02-27T19:58:26.113Z] Node Version:  v20.20.0
[debug] [2026-02-27T19:58:26.126Z] Time:          Fri Feb 27 2026 20:58:26 GMT+0100 (Wẹ́st Áfríká Fíksd Taim)
[debug] [2026-02-27T19:58:26.127Z] ----------------------------------------------------------------------
[debug] 
[debug] [2026-02-27T19:58:34.785Z] > command requires scopes: ["email","openid","https://www.googleapis.com/auth/cloudplatformprojects.readonly","https://www.googleapis.com/auth/firebase","https://www.googleapis.com/auth/cloud-platform"]
[debug] [2026-02-27T19:58:34.787Z] > authorizing via signed-in user (opd.livmind@gmail.com)
[debug] [2026-02-27T19:58:34.788Z] [iam] checking project finberslink for permissions ["firebase.projects.get","firebasehosting.sites.update"]
[debug] [2026-02-27T19:58:34.791Z] Checked if tokens are valid: false, expires at: 1772221612607
[debug] [2026-02-27T19:58:34.791Z] Checked if tokens are valid: false, expires at: 1772221612607
[debug] [2026-02-27T19:58:34.793Z] > refreshing access token with scopes: []
[debug] [2026-02-27T19:58:34.798Z] >>> [apiv2][query] POST https://www.googleapis.com/oauth2/v3/token [none]
[debug] [2026-02-27T19:58:34.798Z] >>> [apiv2][body] POST https://www.googleapis.com/oauth2/v3/token [omitted]
[debug] [2026-02-27T19:58:40.837Z] <<< [apiv2][status] POST https://www.googleapis.com/oauth2/v3/token 200
[debug] [2026-02-27T19:58:40.837Z] <<< [apiv2][body] POST https://www.googleapis.com/oauth2/v3/token [omitted]
[debug] [2026-02-27T19:58:40.855Z] >>> [apiv2][query] POST https://cloudresourcemanager.googleapis.com/v1/projects/finberslink:testIamPermissions [none]
[debug] [2026-02-27T19:58:40.855Z] >>> [apiv2][(partial)header] POST https://cloudresourcemanager.googleapis.com/v1/projects/finberslink:testIamPermissions  x-goog-user-project=finberslink
[debug] [2026-02-27T19:58:40.855Z] >>> [apiv2][body] POST https://cloudresourcemanager.googleapis.com/v1/projects/finberslink:testIamPermissions {"permissions":["firebase.projects.get","firebasehosting.sites.update"]}
[debug] [2026-02-27T19:58:47.018Z] <<< [apiv2][status] POST https://cloudresourcemanager.googleapis.com/v1/projects/finberslink:testIamPermissions 200
[debug] [2026-02-27T19:58:47.019Z] <<< [apiv2][body] POST https://cloudresourcemanager.googleapis.com/v1/projects/finberslink:testIamPermissions {"permissions":["firebase.projects.get","firebasehosting.sites.update"]}
[debug] [2026-02-27T19:58:47.020Z] Checked if tokens are valid: true, expires at: 1772225919837
[debug] [2026-02-27T19:58:47.020Z] Checked if tokens are valid: true, expires at: 1772225919837
[debug] [2026-02-27T19:58:47.021Z] >>> [apiv2][query] GET https://firebase.googleapis.com/v1beta1/projects/finberslink [none]
[debug] [2026-02-27T19:58:47.690Z] <<< [apiv2][status] GET https://firebase.googleapis.com/v1beta1/projects/finberslink 200
[debug] [2026-02-27T19:58:47.690Z] <<< [apiv2][body] GET https://firebase.googleapis.com/v1beta1/projects/finberslink {"projectId":"finberslink","projectNumber":"1047493166534","displayName":"finberslink","name":"projects/finberslink","resources":{"hostingSite":"finberslink"},"state":"ACTIVE","etag":"1_f362b396-4a77-4e1a-88ac-76c219023535"}
[info] 
   Thank you for trying our early preview of Next.js support on Firebase Hosting.
   During the preview, support is best-effort and breaking changes can be expected. Proceed with caution.
   The integration is known to work with Next.js version 12 - 15.0. You may encounter errors.

   Documentation: https://firebase.google.com/docs/hosting/frameworks/nextjs
   File a bug: https://github.com/firebase/firebase-tools/issues/new?template=bug_report.md
   Submit a feature request: https://github.com/firebase/firebase-tools/issues/new?template=feature_request.md

   We'd love to learn from you. Express your interest in helping us shape the future of Firebase Hosting: https://goo.gle/41enW5X

[debug] [2026-02-27T19:59:21.202Z] Checked if tokens are valid: true, expires at: 1772225919837
[debug] [2026-02-27T19:59:21.202Z] Checked if tokens are valid: true, expires at: 1772225919837
[debug] [2026-02-27T19:59:21.202Z] >>> [apiv2][query] GET https://firebasehosting.googleapis.com/v1beta1/projects/finberslink/sites/finberslink [none]
[debug] [2026-02-27T19:59:22.481Z] <<< [apiv2][status] GET https://firebasehosting.googleapis.com/v1beta1/projects/finberslink/sites/finberslink 200
[debug] [2026-02-27T19:59:22.481Z] <<< [apiv2][body] GET https://firebasehosting.googleapis.com/v1beta1/projects/finberslink/sites/finberslink {"name":"projects/finberslink/sites/finberslink","defaultUrl":"https://finberslink.web.app","type":"DEFAULT_SITE"}
[info] ▲ Next.js 16.1.6 (Turbopack)

[info] - Environments: .env.local, .env


[info]   Creating an optimized production build ...

[info] ✓ Compiled successfully in 47s

[info]   Running TypeScript ...

[info]   Collecting page data using 7 workers ...

[info]   Generating static pages using 7 workers (0/4) ...

[info]   Generating static pages using 7 workers (1/4) 

[info]   Generating static pages using 7 workers (2/4) 

[info]   Generating static pages using 7 workers (3/4) 
✓ Generating static pages using 7 workers (4/4) in 1124.3ms

[info]   Finalizing page optimization ...

[info] 

[info] Route (app)
┌ ○ /
├ ○ /_not-found
├ ƒ /admin
├ ƒ /admin/courses
├ ƒ /admin/jobs
├ ƒ /admin/students
├ ƒ /courses
├ ƒ /courses/[courseId]
└ ƒ /courses/[courseId]/lessons/[lessonId]


○  (Static)   prerendered as static content
ƒ  (Dynamic)  server-rendered on demand


[info] Building a Cloud Function to run this application. This is needed due to:
[info]  • non-static component /admin/courses/page
[info]  • non-static component /admin/jobs/page
[info]  • non-static component /admin/page
[info]  • non-static component /admin/students/page
[info]  • non-static component /courses/[courseId]/lessons/[lessonId]/page
[debug] [2026-02-27T20:01:32.821Z]  • non-static component /courses/[courseId]/page
[debug] [2026-02-27T20:01:32.822Z]  • non-static component /courses/page
[info]  • and 2 other reasons, use --debug to see more
[info] 
[debug] [2026-02-27T20:01:34.343Z] Checked if tokens are valid: true, expires at: 1772225919837
[debug] [2026-02-27T20:01:34.343Z] Checked if tokens are valid: true, expires at: 1772225919837
[debug] [2026-02-27T20:01:34.345Z] >>> [apiv2][query] GET https://firebasehosting.googleapis.com/v1beta1/projects/finberslink/sites/finberslink [none]
[debug] [2026-02-27T20:01:35.621Z] <<< [apiv2][status] GET https://firebasehosting.googleapis.com/v1beta1/projects/finberslink/sites/finberslink 200
[debug] [2026-02-27T20:01:35.622Z] <<< [apiv2][body] GET https://firebasehosting.googleapis.com/v1beta1/projects/finberslink/sites/finberslink {"name":"projects/finberslink/sites/finberslink","defaultUrl":"https://finberslink.web.app","type":"DEFAULT_SITE"}
[debug] [2026-02-27T20:01:43.927Z] Error: EPERM: operation not permitted, symlink 'D:\Finbers-Link\node_modules\@prisma\client' -> 'D:\Finbers-Link\.firebase\finberslink\functions\.next\node_modules\@prisma\client-2c3a283f134fdcb6'
